[11:52:20] [main/INFO]: Loading Minecraft 1.21.1 with Fabric Loader 0.17.2
[11:52:20] [main/INFO]: Loading 4 mods:
	- fabricloader 0.17.2
	   \-- mixinextras 0.5.0
	- java 22
	- minecraft 1.21.1
[11:52:20] [main/INFO]: SpongePowered MIXIN Subsystem Version=0.8.7 Source=file:/C:/Users/ESF/.gradle/caches/modules-2/files-2.1/net.fabricmc/sponge-mixin/0.16.3+mixin.0.8.7/3e535042688d1265447e52ad86950b7d9678a5fa/sponge-mixin-0.16.3+mixin.0.8.7.jar Service=Knot/Fabric Env=CLIENT
[11:52:21] [Datafixer Bootstrap/INFO]: 226 Datafixer optimizations took 346 milliseconds
[11:52:22] [main/WARN]: Failed to add PDH Counter: \Paging File(_Total)\% Usage, Error code: 0xC0000BB8
[11:52:22] [main/WARN]: Failed to add counter for PDH counter: \Paging File(_Total)\% Usage
[11:52:22] [main/WARN]: Disabling further attempts to query Paging File.
[11:52:22] [main/WARN]: COM exception: Invalid Class Win32_PerfRawData_PerfOS_PagingFile
[11:52:22] [main/WARN]: COM exception: Invalid Class Win32_PerfRawData_PerfOS_PagingFile
[11:52:23] [main/WARN]: Failed to get system info for GL Caps
java.lang.IllegalStateException: Rendersystem called from wrong thread
	at knot/com.mojang.blaze3d.systems.RenderSystem.constructThreadException(RenderSystem.java:140) ~[client-intermediary.jar:?]
	at knot/com.mojang.blaze3d.systems.RenderSystem.assertOnRenderThread(RenderSystem.java:135) ~[client-intermediary.jar:?]
	at knot/com.mojang.blaze3d.systems.RenderSystem.getCapsString(RenderSystem.java:527) ~[client-intermediary.jar:?]
	at knot/net.minecraft.util.SystemDetails.addSection(SystemDetails.java:70) [client-intermediary.jar:?]
	at knot/net.minecraft.client.MinecraftClient.addSystemDetailsToCrashReport(MinecraftClient.java:2547) [client-intermediary.jar:?]
	at knot/net.minecraft.client.MinecraftClient.addSystemDetailsToCrashReport(MinecraftClient.java:2517) [client-intermediary.jar:?]
	at knot/net.minecraft.client.main.Main.main(Main.java:210) [client-intermediary.jar:?]
	at net.fabricmc.loader.impl.game.minecraft.MinecraftGameProvider.launch(MinecraftGameProvider.java:506) [fabric-loader-0.17.2.jar:?]
	at net.fabricmc.loader.impl.launch.knot.Knot.launch(Knot.java:72) [fabric-loader-0.17.2.jar:?]
	at net.fabricmc.loader.impl.launch.knot.KnotClient.main(KnotClient.java:23) [fabric-loader-0.17.2.jar:?]
